<?xml version="1.0" encoding="UTF-8"?>
<testsuite xmlns:xsi="http://www.w3.org/2001/XMLSchema-instance" xsi:noNamespaceSchemaLocation="https://maven.apache.org/surefire/maven-surefire-plugin/xsd/surefire-test-report.xsd" name="Automation Rest Api on restful-api-dev" time="4.39" tests="3" errors="0" skipped="0" failures="0">
  <properties>
[...]
</properties>
  <testcase name="Create Return and Delete the new product" classname="Automation Rest Api on restful-api-dev" time="3.168"/>
  <testcase name="verify status code and response time and validate Schema for Get all" classname="Automation Rest Api on restful-api-dev" time="0.761"/>
  <testcase name="verify status code for invalid Resource" classname="Automation Rest Api on restful-api-dev" time="0.46"/>
</testsuite>